04.01.2018 14:51:34, Info: Initializing SIMPLSharp Services...
04.01.2018 14:51:34, Info: ProjectInfo successfully initialized.
04.01.2018 14:51:34, Info: Verifying archive C:\\Users\\kba\\Documents\\_Prog\\InfluxDB\\CrestronInfluxDB\\CrestronInfluxDB\\bin\CrestronInfluxDB.clz...
04.01.2018 14:51:35, Info: Saving project information...
04.01.2018 14:51:36, Info: Commiting verification transaction...
04.01.2018 14:51:36, Info: Saving project information...
04.01.2018 14:58:15, Info: Initializing SIMPLSharp Services...
04.01.2018 14:58:15, Info: ProjectInfo successfully initialized.
04.01.2018 14:58:15, Info: Verifying archive C:\\Users\\kba\\Documents\\_Prog\\InfluxDB\\CrestronInfluxDB\\CrestronInfluxDB\\bin\CrestronInfluxDB.clz...
04.01.2018 14:58:16, Info: Saving project information...
04.01.2018 14:58:16, Info: Commiting verification transaction...
04.01.2018 14:58:16, Info: Saving project information...
04.01.2018 15:06:11, Info: Initializing SIMPLSharp Services...
04.01.2018 15:06:11, Info: ProjectInfo successfully initialized.
04.01.2018 15:06:11, Info: Verifying archive C:\\Users\\kba\\Documents\\_Prog\\InfluxDB\\CrestronInfluxDB\\CrestronInfluxDB\\bin\CrestronInfluxDB.clz...
04.01.2018 15:06:11, Info: Saving project information...
04.01.2018 15:06:12, Info: Commiting verification transaction...
04.01.2018 15:06:12, Info: Saving project information...
04.01.2018 15:16:24, Info: Initializing SIMPLSharp Services...
04.01.2018 15:16:24, Info: ProjectInfo successfully initialized.
04.01.2018 15:16:24, Info: Verifying archive C:\\Users\\kba\\Documents\\_Prog\\InfluxDB\\CrestronInfluxDB\\CrestronInfluxDB\\bin\CrestronInfluxDB.clz...
04.01.2018 15:16:24, Info: Saving project information...
04.01.2018 15:16:25, Info: Commiting verification transaction...
04.01.2018 15:16:25, Info: Saving project information...
04.01.2018 15:17:51, Info: Initializing SIMPLSharp Services...
04.01.2018 15:17:51, Info: ProjectInfo successfully initialized.
04.01.2018 15:17:51, Info: Verifying archive C:\\Users\\kba\\Documents\\_Prog\\InfluxDB\\CrestronInfluxDB\\CrestronInfluxDB\\bin\CrestronInfluxDB.clz...
04.01.2018 15:17:52, Info: Saving project information...
04.01.2018 15:17:53, Info: Commiting verification transaction...
04.01.2018 15:17:53, Info: Saving project information...
04.01.2018 15:18:40, Info: Initializing SIMPLSharp Services...
04.01.2018 15:18:40, Info: ProjectInfo successfully initialized.
04.01.2018 15:18:40, Info: Verifying archive C:\\Users\\kba\\Documents\\_Prog\\InfluxDB\\CrestronInfluxDB\\CrestronInfluxDB\\bin\CrestronInfluxDB.clz...
04.01.2018 15:18:41, Info: Saving project information...
04.01.2018 15:18:42, Info: Commiting verification transaction...
04.01.2018 15:18:42, Info: Saving project information...
04.01.2018 17:04:46, Info: Initializing SIMPLSharp Services...
04.01.2018 17:04:46, Info: ProjectInfo successfully initialized.
04.01.2018 17:04:46, Info: Verifying archive C:\\Users\\kba\\Documents\\_Prog\\InfluxDB\\CrestronInfluxDB\\CrestronInfluxDB\\bin\CrestronInfluxDB.clz...
04.01.2018 17:04:47, Info: Saving project information...
04.01.2018 17:04:47, Info: Commiting verification transaction...
04.01.2018 17:04:47, Info: Saving project information...
04.01.2018 17:40:14, Info: Initializing SIMPLSharp Services...
04.01.2018 17:40:14, Info: ProjectInfo successfully initialized.
04.01.2018 17:40:15, Info: Verifying archive C:\\Users\\kba\\Documents\\_Prog\\InfluxDB\\CrestronInfluxDB\\CrestronInfluxDB\\bin\CrestronInfluxDB.clz...
04.01.2018 17:40:15, Info: Saving project information...
04.01.2018 17:40:16, Info: Commiting verification transaction...
04.01.2018 17:40:16, Info: Saving project information...
04.01.2018 17:42:12, Info: Initializing SIMPLSharp Services...
04.01.2018 17:42:12, Info: ProjectInfo successfully initialized.
04.01.2018 17:42:12, Info: Verifying archive C:\\Users\\kba\\Documents\\_Prog\\InfluxDB\\CrestronInfluxDB\\CrestronInfluxDB\\bin\CrestronInfluxDB.clz...
04.01.2018 17:42:12, Info: Saving project information...
04.01.2018 17:42:13, Info: Commiting verification transaction...
04.01.2018 17:42:13, Info: Saving project information...
04.01.2018 18:36:35, Info: Initializing SIMPLSharp Services...
04.01.2018 18:36:35, Info: ProjectInfo successfully initialized.
04.01.2018 18:36:36, Info: Verifying archive C:\\Users\\kba\\Documents\\_Prog\\InfluxDB\\CrestronInfluxDB\\CrestronInfluxDB\\bin\CrestronInfluxDB.clz...
04.01.2018 18:36:36, Info: Saving project information...
04.01.2018 18:36:37, Info: Commiting verification transaction...
04.01.2018 18:36:37, Info: Saving project information...
04.01.2018 18:53:06, Info: Terminating SIMPLSharp Services
04.01.2018 18:53:06, Info: Saving project information...
04.01.2018 18:53:06, Info: Terminating SIMPLSharp Services
04.01.2018 18:53:06, Info: Saving project information...
04.01.2018 18:53:06, Info: Terminating SIMPLSharp Services
04.01.2018 18:53:06, Info: Saving project information...
04.01.2018 18:53:06, Info: Terminating SIMPLSharp Services
04.01.2018 18:53:06, Info: Saving project information...
04.01.2018 18:53:06, Info: Terminating SIMPLSharp Services
04.01.2018 18:53:06, Info: Saving project information...
04.01.2018 18:53:06, Info: Terminating SIMPLSharp Services
04.01.2018 18:53:06, Info: Saving project information...
04.01.2018 18:53:06, Info: Terminating SIMPLSharp Services
04.01.2018 18:53:06, Info: Saving project information...
04.01.2018 18:53:06, Info: Terminating SIMPLSharp Services
04.01.2018 18:53:06, Info: Saving project information...
04.01.2018 18:53:06, Info: Terminating SIMPLSharp Services
04.01.2018 18:53:06, Info: Saving project information...
04.01.2018 18:53:06, Info: Terminating SIMPLSharp Services
