04.01.2018 10:45:22, Info: Initializing SIMPLSharp Services...
04.01.2018 10:45:22, Info: ProjectInfo successfully initialized.
04.01.2018 10:47:44, Info: Initializing SIMPLSharp Services...
04.01.2018 10:47:44, Info: ProjectInfo successfully initialized.
04.01.2018 10:48:00, Info: Initializing SIMPLSharp Services...
04.01.2018 10:48:00, Info: ProjectInfo successfully initialized.
04.01.2018 10:48:12, Info: Initializing SIMPLSharp Services...
04.01.2018 10:48:12, Info: ProjectInfo successfully initialized.
04.01.2018 10:48:12, Info: Verifying archive C:\\Users\\kba\\Documents\\_Prog\\InfluxDB\\CrestronInfluxDB\\CrestronInfluxDB\\bin\CrestronInfluxDB.clz...
04.01.2018 10:48:13, Info: Saving project information...
04.01.2018 10:48:44, Info: Initializing SIMPLSharp Services...
04.01.2018 10:48:44, Info: ProjectInfo successfully initialized.
04.01.2018 10:48:44, Info: Verifying archive C:\\Users\\kba\\Documents\\_Prog\\InfluxDB\\CrestronInfluxDB\\CrestronInfluxDB\\bin\CrestronInfluxDB.clz...
04.01.2018 10:48:44, Info: Saving project information...
04.01.2018 10:48:59, Info: Initializing SIMPLSharp Services...
04.01.2018 10:48:59, Info: ProjectInfo successfully initialized.
04.01.2018 10:48:59, Info: Verifying archive C:\\Users\\kba\\Documents\\_Prog\\InfluxDB\\CrestronInfluxDB\\CrestronInfluxDB\\bin\CrestronInfluxDB.clz...
04.01.2018 10:49:00, Info: Saving project information...
04.01.2018 10:49:16, Info: Initializing SIMPLSharp Services...
04.01.2018 10:49:16, Info: ProjectInfo successfully initialized.
04.01.2018 10:49:16, Info: Verifying archive C:\\Users\\kba\\Documents\\_Prog\\InfluxDB\\CrestronInfluxDB\\CrestronInfluxDB\\bin\CrestronInfluxDB.clz...
04.01.2018 10:49:16, Info: Saving project information...
04.01.2018 10:49:44, Info: Initializing SIMPLSharp Services...
04.01.2018 10:49:44, Info: ProjectInfo successfully initialized.
04.01.2018 10:49:44, Info: Verifying archive C:\\Users\\kba\\Documents\\_Prog\\InfluxDB\\CrestronInfluxDB\\CrestronInfluxDB\\bin\CrestronInfluxDB.clz...
04.01.2018 10:49:45, Info: Saving project information...
04.01.2018 10:49:48, Info: Initializing SIMPLSharp Services...
04.01.2018 10:49:48, Info: ProjectInfo successfully initialized.
04.01.2018 10:49:48, Info: Verifying archive C:\\Users\\kba\\Documents\\_Prog\\InfluxDB\\CrestronInfluxDB\\CrestronInfluxDB\\bin\CrestronInfluxDB.clz...
04.01.2018 10:49:48, Info: Saving project information...
04.01.2018 10:50:08, Info: Initializing SIMPLSharp Services...
04.01.2018 10:50:08, Info: ProjectInfo successfully initialized.
04.01.2018 10:50:09, Info: Verifying archive C:\\Users\\kba\\Documents\\_Prog\\InfluxDB\\CrestronInfluxDB\\CrestronInfluxDB\\bin\CrestronInfluxDB.clz...
04.01.2018 10:50:09, Info: Saving project information...
04.01.2018 10:51:00, Info: Initializing SIMPLSharp Services...
04.01.2018 10:51:00, Info: ProjectInfo successfully initialized.
04.01.2018 10:51:01, Info: Verifying archive C:\\Users\\kba\\Documents\\_Prog\\InfluxDB\\CrestronInfluxDB\\CrestronInfluxDB\\bin\CrestronInfluxDB.clz...
04.01.2018 10:51:01, Info: Saving project information...
04.01.2018 10:51:34, Info: Initializing SIMPLSharp Services...
04.01.2018 10:51:34, Info: ProjectInfo successfully initialized.
04.01.2018 10:51:35, Info: Verifying archive C:\\Users\\kba\\Documents\\_Prog\\InfluxDB\\CrestronInfluxDB\\CrestronInfluxDB\\bin\CrestronInfluxDB.clz...
04.01.2018 10:51:35, Info: Saving project information...
04.01.2018 10:54:09, Info: Initializing SIMPLSharp Services...
04.01.2018 10:54:09, Info: ProjectInfo successfully initialized.
04.01.2018 10:54:09, Info: Verifying archive C:\\Users\\kba\\Documents\\_Prog\\InfluxDB\\CrestronInfluxDB\\CrestronInfluxDB\\bin\CrestronInfluxDB.clz...
04.01.2018 10:54:09, Info: Saving project information...
04.01.2018 10:54:19, Info: Terminating SIMPLSharp Services
04.01.2018 10:54:19, Info: Saving project information...
04.01.2018 10:54:19, Info: Terminating SIMPLSharp Services
04.01.2018 10:54:19, Info: Saving project information...
04.01.2018 10:54:19, Info: Terminating SIMPLSharp Services
04.01.2018 10:54:19, Info: Saving project information...
04.01.2018 10:54:19, Info: Terminating SIMPLSharp Services
04.01.2018 10:54:19, Info: Saving project information...
04.01.2018 10:54:19, Info: Terminating SIMPLSharp Services
04.01.2018 10:54:19, Info: Saving project information...
04.01.2018 10:54:19, Info: Terminating SIMPLSharp Services
04.01.2018 10:54:19, Info: Saving project information...
04.01.2018 10:54:19, Info: Terminating SIMPLSharp Services
04.01.2018 10:54:19, Info: Saving project information...
04.01.2018 10:54:19, Info: Terminating SIMPLSharp Services
04.01.2018 10:54:19, Info: Saving project information...
04.01.2018 10:54:19, Info: Terminating SIMPLSharp Services
04.01.2018 10:54:19, Info: Saving project information...
04.01.2018 10:54:19, Info: Terminating SIMPLSharp Services
04.01.2018 10:54:19, Info: Saving project information...
04.01.2018 10:54:19, Info: Terminating SIMPLSharp Services
04.01.2018 10:54:19, Info: Saving project information...
04.01.2018 10:54:19, Info: Terminating SIMPLSharp Services
04.01.2018 10:54:19, Info: Saving project information...
04.01.2018 10:54:19, Info: Terminating SIMPLSharp Services
